<?xml version="1.0" encoding="UTF-8"?>
<testsuites name="TS_Product_Dogs" time="11.164" tests="1" failures="0" errors="0">
   <testsuite name="TS_Product_Dogs" tests="1" failures="0" errors="0" time="11.164" skipped="0" timestamp="28-09-2024T14:27:04" hostname="vikas - Radhe" id="Test Suites/TS_Product_Dogs">
      <properties>
         <property name="deviceName" value=""/>
         <property name="devicePlatform"/>
         <property name="logFolder" value="C:\\Users\\vikas\\git\\eykatlonTestArifacts\\Reports\\20240928_142654\\TS_Product_Dogs\\20240928_142654"/>
         <property name="logFiles" value="C:\\Users\\vikas\\git\\eykatlonTestArifacts\\Reports\\20240928_142654\\TS_Product_Dogs\\20240928_142654\\execution0.log"/>
         <property name="attachments" value=""/>
         <property name="hostName" value="vikas - Radhe"/>
         <property name="os" value="Windows 11 64bit"/>
         <property name="katalonVersion" value="9.7.2.223"/>
         <property name="browser" value="Chrome 129.0.0.0"/>
         <property name="hostAddress" value="192.168.0.103"/>
         <property name="sessionId" value="8a43dc40962916313d557f2c206a36f3"/>
         <property name="seleniumVersion" value="3.141.59"/>
         <property name="proxyInformation" value="ProxyInformation { proxyOption=NO_PROXY, proxyServerType=HTTP, username=, password=********, proxyServerAddress=, proxyServerPort=0, executionList=&quot;&quot;, isApplyToDesiredCapabilities=true }"/>
         <property name="platform" value="Windows 11"/>
      </properties>
      <testcase name="Test Cases/TC_Product_Dogs" time="10.639" classname="Test Cases/TC_Product_Dogs" status="PASSED">
         <system-out><![CDATA[28-09-2024T14:27:04 - [TEST_CASE][PASSED] - Test Cases/TC_Product_Dogs: Test Cases/TC_Product_Dogs

28-09-2024T14:27:05 - [TEST_STEP][PASSED] - openBrowser(""): Browser is opened with url: ''

28-09-2024T14:27:05 - [MESSAGE][INFO] - Starting 'Chrome' driver

28-09-2024T14:27:06 - [MESSAGE][INFO] - Action delay is set to 0 milliseconds

28-09-2024T14:27:09 - [MESSAGE][PASSED] - Browser is opened with url: ''

28-09-2024T14:27:09 - [TEST_STEP][PASSED] - navigateToUrl("https://petstore.octoperf.com/"): Navigate to 'https://petstore.octoperf.com/' successfully

28-09-2024T14:27:10 - [MESSAGE][PASSED] - Navigate to 'https://petstore.octoperf.com/' successfully

28-09-2024T14:27:10 - [TEST_STEP][PASSED] - click(findTestObject("Object Repository/TC_Product_Dogs/Page_JPetStore Demo/a_Enter the Store")): Object: 'Object Repository/TC_Product_Dogs/Page_JPetStore Demo/a_Enter the Store' is clicked on

28-09-2024T14:27:12 - [MESSAGE][PASSED] - Object: 'Object Repository/TC_Product_Dogs/Page_JPetStore Demo/a_Enter the Store' is clicked on

28-09-2024T14:27:12 - [TEST_STEP][PASSED] - click(findTestObject("Object Repository/TC_Product_Dogs/Page_JPetStore Demo/img")): Object: 'Object Repository/TC_Product_Dogs/Page_JPetStore Demo/img' is clicked on

28-09-2024T14:27:12 - [MESSAGE][PASSED] - Object: 'Object Repository/TC_Product_Dogs/Page_JPetStore Demo/img' is clicked on

28-09-2024T14:27:12 - [TEST_STEP][PASSED] - click(findTestObject("Object Repository/TC_Product_Dogs/Page_JPetStore Demo/a_K9-PO-02")): Object: 'Object Repository/TC_Product_Dogs/Page_JPetStore Demo/a_K9-PO-02' is clicked on

28-09-2024T14:27:13 - [MESSAGE][PASSED] - Object: 'Object Repository/TC_Product_Dogs/Page_JPetStore Demo/a_K9-PO-02' is clicked on

28-09-2024T14:27:13 - [TEST_STEP][PASSED] - click(findTestObject("Object Repository/TC_Product_Dogs/Page_JPetStore Demo/a_Return to DOGS")): Object: 'Object Repository/TC_Product_Dogs/Page_JPetStore Demo/a_Return to DOGS' is clicked on

28-09-2024T14:27:14 - [MESSAGE][PASSED] - Object: 'Object Repository/TC_Product_Dogs/Page_JPetStore Demo/a_Return to DOGS' is clicked on

28-09-2024T14:27:14 - [TEST_STEP][PASSED] - closeBrowser(): Browser is closed

28-09-2024T14:27:15 - [MESSAGE][PASSED] - Browser is closed]]></system-out>
         <system-err><![CDATA[]]></system-err>
      </testcase>
      <system-out><![CDATA[28-09-2024T14:27:04 - [TEST_SUITE][PASSED] - TS_Product_Dogs: Test Cases/TC_Product_Dogs]]></system-out>
      <system-err><![CDATA[]]></system-err>
   </testsuite>
</testsuites>
